# JRE version: OpenJDK Runtime Environment (8.0_131-b11) (build 1.8.0_131-8u131-b11-2ubuntu1.16.04.3-b11)
# Java VM: OpenJDK 64-Bit Server VM (25.131-b11 mixed mode linux-amd64 compressed oops)
Heap:
 PSYoungGen      total 172544K, used 8910K [0x00000000ebc00000, 0x00000000f6d80000, 0x0000000100000000)
  eden space 163328K, 0% used [0x00000000ebc00000,0x00000000ebc00000,0x00000000f5b80000)
  from space 9216K, 96% used [0x00000000f5b80000,0x00000000f6433818,0x00000000f6480000)
  to   space 9216K, 0% used [0x00000000f6480000,0x00000000f6480000,0x00000000f6d80000)
 ParOldGen       total 42496K, used 32738K [0x00000000c3400000, 0x00000000c5d80000, 0x00000000ebc00000)
  object space 42496K, 77% used [0x00000000c3400000,0x00000000c53f8a30,0x00000000c5d80000)
 Metaspace       used 19619K, capacity 19878K, committed 20096K, reserved 1067008K
  class space    used 2283K, capacity 2346K, committed 2432K, reserved 1048576K
GC Heap History (10 events):
Event: 12.968 GC heap after
Heap after GC invocations=8 (full 0):
 PSYoungGen      total 73216K, used 3877K [0x00000000ebc00000, 0x00000000f0d00000, 0x0000000100000000)
  eden space 63488K, 0% used [0x00000000ebc00000,0x00000000ebc00000,0x00000000efa00000)
  from space 9728K, 39% used [0x00000000f0380000,0x00000000f07497f8,0x00000000f0d00000)
  to   space 9728K, 0% used [0x00000000efa00000,0x00000000efa00000,0x00000000f0380000)
 ParOldGen       total 42496K, used 19261K [0x00000000c3400000, 0x00000000c5d80000, 0x00000000ebc00000)
  object space 42496K, 45% used [0x00000000c3400000,0x00000000c46cf740,0x00000000c5d80000)
 Metaspace       used 19004K, capacity 19238K, committed 19584K, reserved 1067008K
  class space    used 2269K, capacity 2346K, committed 2432K, reserved 1048576K
}
Event: 13.308 GC heap before
{Heap before GC invocations=9 (full 0):
 PSYoungGen      total 73216K, used 67365K [0x00000000ebc00000, 0x00000000f0d00000, 0x0000000100000000)
  eden space 63488K, 100% used [0x00000000ebc00000,0x00000000efa00000,0x00000000efa00000)
  from space 9728K, 39% used [0x00000000f0380000,0x00000000f07497f8,0x00000000f0d00000)
  to   space 9728K, 0% used [0x00000000efa00000,0x00000000efa00000,0x00000000f0380000)
 ParOldGen       total 42496K, used 19261K [0x00000000c3400000, 0x00000000c5d80000, 0x00000000ebc00000)
  object space 42496K, 45% used [0x00000000c3400000,0x00000000c46cf740,0x00000000c5d80000)
 Metaspace       used 19172K, capacity 19366K, committed 19584K, reserved 1067008K
  class space    used 2272K, capacity 2346K, committed 2432K, reserved 1048576K
Event: 13.317 GC heap after
Heap after GC invocations=9 (full 0):
 PSYoungGen      total 73216K, used 4562K [0x00000000ebc00000, 0x00000000f3180000, 0x0000000100000000)
  eden space 63488K, 0% used [0x00000000ebc00000,0x00000000ebc00000,0x00000000efa00000)
  from space 9728K, 46% used [0x00000000efa00000,0x00000000efe749c8,0x00000000f0380000)
  to   space 9216K, 0% used [0x00000000f2880000,0x00000000f2880000,0x00000000f3180000)
 ParOldGen       total 42496K, used 19369K [0x00000000c3400000, 0x00000000c5d80000, 0x00000000ebc00000)
  object space 42496K, 45% used [0x00000000c3400000,0x00000000c46ea750,0x00000000c5d80000)
 Metaspace       used 19172K, capacity 19366K, committed 19584K, reserved 1067008K
  class space    used 2272K, capacity 2346K, committed 2432K, reserved 1048576K
}
Event: 13.492 GC heap before
{Heap before GC invocations=10 (full 0):
 PSYoungGen      total 73216K, used 68050K [0x00000000ebc00000, 0x00000000f3180000, 0x0000000100000000)
  eden space 63488K, 100% used [0x00000000ebc00000,0x00000000efa00000,0x00000000efa00000)
  from space 9728K, 46% used [0x00000000efa00000,0x00000000efe749c8,0x00000000f0380000)
  to   space 9216K, 0% used [0x00000000f2880000,0x00000000f2880000,0x00000000f3180000)
 ParOldGen       total 42496K, used 19369K [0x00000000c3400000, 0x00000000c5d80000, 0x00000000ebc00000)
  object space 42496K, 45% used [0x00000000c3400000,0x00000000c46ea750,0x00000000c5d80000)
 Metaspace       used 19191K, capacity 19430K, committed 19840K, reserved 1067008K
  class space    used 2275K, capacity 2346K, committed 2432K, reserved 1048576K
Event: 13.513 GC heap after
Heap after GC invocations=10 (full 0):
 PSYoungGen      total 111104K, used 2324K [0x00000000ebc00000, 0x00000000f3180000, 0x0000000100000000)
  eden space 101888K, 0% used [0x00000000ebc00000,0x00000000ebc00000,0x00000000f1f80000)
  from space 9216K, 25% used [0x00000000f2880000,0x00000000f2ac5020,0x00000000f3180000)
  to   space 9216K, 0% used [0x00000000f1f80000,0x00000000f1f80000,0x00000000f2880000)
 ParOldGen       total 42496K, used 21672K [0x00000000c3400000, 0x00000000c5d80000, 0x00000000ebc00000)
  object space 42496K, 50% used [0x00000000c3400000,0x00000000c492a2f8,0x00000000c5d80000)
 Metaspace       used 19191K, capacity 19430K, committed 19840K, reserved 1067008K
  class space    used 2275K, capacity 2346K, committed 2432K, reserved 1048576K
}
Event: 14.268 GC heap before
{Heap before GC invocations=11 (full 0):
 PSYoungGen      total 111104K, used 104212K [0x00000000ebc00000, 0x00000000f3180000, 0x0000000100000000)
  eden space 101888K, 100% used [0x00000000ebc00000,0x00000000f1f80000,0x00000000f1f80000)
  from space 9216K, 25% used [0x00000000f2880000,0x00000000f2ac5020,0x00000000f3180000)
  to   space 9216K, 0% used [0x00000000f1f80000,0x00000000f1f80000,0x00000000f2880000)
 ParOldGen       total 42496K, used 21672K [0x00000000c3400000, 0x00000000c5d80000, 0x00000000ebc00000)
  object space 42496K, 50% used [0x00000000c3400000,0x00000000c492a2f8,0x00000000c5d80000)
 Metaspace       used 19420K, capacity 19622K, committed 19840K, reserved 1067008K
  class space    used 2283K, capacity 2346K, committed 2432K, reserved 1048576K
Event: 14.287 GC heap after
Heap after GC invocations=11 (full 0):
 PSYoungGen      total 111104K, used 3764K [0x00000000ebc00000, 0x00000000f6d80000, 0x0000000100000000)
  eden space 101888K, 0% used [0x00000000ebc00000,0x00000000ebc00000,0x00000000f1f80000)
  from space 9216K, 40% used [0x00000000f1f80000,0x00000000f232d020,0x00000000f2880000)
  to   space 9216K, 0% used [0x00000000f6480000,0x00000000f6480000,0x00000000f6d80000)
 ParOldGen       total 42496K, used 26501K [0x00000000c3400000, 0x00000000c5d80000, 0x00000000ebc00000)
  object space 42496K, 62% used [0x00000000c3400000,0x00000000c4de1510,0x00000000c5d80000)
 Metaspace       used 19420K, capacity 19622K, committed 19840K, reserved 1067008K
  class space    used 2283K, capacity 2346K, committed 2432K, reserved 1048576K
}
Event: 14.450 GC heap before
{Heap before GC invocations=12 (full 0):
 PSYoungGen      total 111104K, used 105652K [0x00000000ebc00000, 0x00000000f6d80000, 0x0000000100000000)
  eden space 101888K, 100% used [0x00000000ebc00000,0x00000000f1f80000,0x00000000f1f80000)
  from space 9216K, 40% used [0x00000000f1f80000,0x00000000f232d020,0x00000000f2880000)
  to   space 9216K, 0% used [0x00000000f6480000,0x00000000f6480000,0x00000000f6d80000)
 ParOldGen       total 42496K, used 26501K [0x00000000c3400000, 0x00000000c5d80000, 0x00000000ebc00000)
  object space 42496K, 62% used [0x00000000c3400000,0x00000000c4de1510,0x00000000c5d80000)
 Metaspace       used 19428K, capacity 19622K, committed 19840K, reserved 1067008K
  class space    used 2283K, capacity 2346K, committed 2432K, reserved 1048576K
Event: 14.464 GC heap after
Heap after GC invocations=12 (full 0):
 PSYoungGen      total 172544K, used 160K [0x00000000ebc00000, 0x00000000f6d80000, 0x0000000100000000)
  eden space 163328K, 0% used [0x00000000ebc00000,0x00000000ebc00000,0x00000000f5b80000)
  from space 9216K, 1% used [0x00000000f6480000,0x00000000f64a8000,0x00000000f6d80000)
  to   space 9216K, 0% used [0x00000000f5b80000,0x00000000f5b80000,0x00000000f6480000)
 ParOldGen       total 42496K, used 30084K [0x00000000c3400000, 0x00000000c5d80000, 0x00000000ebc00000)
  object space 42496K, 70% used [0x00000000c3400000,0x00000000c5161090,0x00000000c5d80000)
 Metaspace       used 19428K, capacity 19622K, committed 19840K, reserved 1067008K
  class space    used 2283K, capacity 2346K, committed 2432K, reserved 1048576K
}
Event: 15.347 GC heap before
{Heap before GC invocations=13 (full 0):
 PSYoungGen      total 172544K, used 163488K [0x00000000ebc00000, 0x00000000f6d80000, 0x0000000100000000)
  eden space 163328K, 100% used [0x00000000ebc00000,0x00000000f5b80000,0x00000000f5b80000)
  from space 9216K, 1% used [0x00000000f6480000,0x00000000f64a8000,0x00000000f6d80000)
  to   space 9216K, 0% used [0x00000000f5b80000,0x00000000f5b80000,0x00000000f6480000)
 ParOldGen       total 42496K, used 30084K [0x00000000c3400000, 0x00000000c5d80000, 0x00000000ebc00000)
  object space 42496K, 70% used [0x00000000c3400000,0x00000000c5161090,0x00000000c5d80000)
 Metaspace       used 19619K, capacity 19878K, committed 20096K, reserved 1067008K
  class space    used 2283K, capacity 2346K, committed 2432K, reserved 1048576K

