# JRE version: OpenJDK Runtime Environment (8.0_131-b11) (build 1.8.0_131-8u131-b11-2ubuntu1.16.04.3-b11)
# Java VM: OpenJDK 64-Bit Server VM (25.131-b11 mixed mode linux-amd64 compressed oops)
Heap:
 PSYoungGen      total 168960K, used 150917K [0x00000000ebc00000, 0x00000000fc700000, 0x0000000100000000)
  eden space 162304K, 92% used [0x00000000ebc00000,0x00000000f4f61738,0x00000000f5a80000)
  from space 6656K, 0% used [0x00000000f5a80000,0x00000000f5a80000,0x00000000f6100000)
  to   space 6656K, 0% used [0x00000000fc080000,0x00000000fc080000,0x00000000fc700000)
 ParOldGen       total 30208K, used 9134K [0x00000000c3400000, 0x00000000c5180000, 0x00000000ebc00000)
  object space 30208K, 30% used [0x00000000c3400000,0x00000000c3ceb8d0,0x00000000c5180000)
 Metaspace       used 26494K, capacity 26822K, committed 27264K, reserved 1073152K
  class space    used 2965K, capacity 3075K, committed 3200K, reserved 1048576K
GC Heap History (10 events):
Event: 16.289 GC heap before
{Heap before GC invocations=10 (full 0):
 PSYoungGen      total 69632K, used 65529K [0x00000000ebc00000, 0x00000000f2b80000, 0x0000000100000000)
  eden space 63488K, 100% used [0x00000000ebc00000,0x00000000efa00000,0x00000000efa00000)
  from space 6144K, 33% used [0x00000000efa00000,0x00000000efbfe6b0,0x00000000f0000000)
  to   space 6144K, 0% used [0x00000000f2580000,0x00000000f2580000,0x00000000f2b80000)
 ParOldGen       total 42496K, used 9507K [0x00000000c3400000, 0x00000000c5d80000, 0x00000000ebc00000)
  object space 42496K, 22% used [0x00000000c3400000,0x00000000c3d48cc8,0x00000000c5d80000)
 Metaspace       used 19135K, capacity 19358K, committed 19584K, reserved 1067008K
  class space    used 2269K, capacity 2348K, committed 2432K, reserved 1048576K
Event: 16.293 GC heap after
Heap after GC invocations=10 (full 0):
 PSYoungGen      total 107520K, used 32K [0x00000000ebc00000, 0x00000000f2c80000, 0x0000000100000000)
  eden space 101376K, 0% used [0x00000000ebc00000,0x00000000ebc00000,0x00000000f1f00000)
  from space 6144K, 0% used [0x00000000f2580000,0x00000000f2588000,0x00000000f2b80000)
  to   space 6656K, 0% used [0x00000000f1f00000,0x00000000f1f00000,0x00000000f2580000)
 ParOldGen       total 42496K, used 11488K [0x00000000c3400000, 0x00000000c5d80000, 0x00000000ebc00000)
  object space 42496K, 27% used [0x00000000c3400000,0x00000000c3f380d0,0x00000000c5d80000)
 Metaspace       used 19135K, capacity 19358K, committed 19584K, reserved 1067008K
  class space    used 2269K, capacity 2348K, committed 2432K, reserved 1048576K
}
Event: 27.337 GC heap before
{Heap before GC invocations=11 (full 0):
 PSYoungGen      total 107520K, used 101408K [0x00000000ebc00000, 0x00000000f2c80000, 0x0000000100000000)
  eden space 101376K, 100% used [0x00000000ebc00000,0x00000000f1f00000,0x00000000f1f00000)
  from space 6144K, 0% used [0x00000000f2580000,0x00000000f2588000,0x00000000f2b80000)
  to   space 6656K, 0% used [0x00000000f1f00000,0x00000000f1f00000,0x00000000f2580000)
 ParOldGen       total 42496K, used 11488K [0x00000000c3400000, 0x00000000c5d80000, 0x00000000ebc00000)
  object space 42496K, 27% used [0x00000000c3400000,0x00000000c3f380d0,0x00000000c5d80000)
 Metaspace       used 19387K, capacity 19614K, committed 19840K, reserved 1067008K
  class space    used 2287K, capacity 2348K, committed 2432K, reserved 1048576K
Event: 27.344 GC heap after
Heap after GC invocations=11 (full 0):
 PSYoungGen      total 108032K, used 3777K [0x00000000ebc00000, 0x00000000f6780000, 0x0000000100000000)
  eden space 101376K, 0% used [0x00000000ebc00000,0x00000000ebc00000,0x00000000f1f00000)
  from space 6656K, 56% used [0x00000000f1f00000,0x00000000f22b0620,0x00000000f2580000)
  to   space 6656K, 0% used [0x00000000f6100000,0x00000000f6100000,0x00000000f6780000)
 ParOldGen       total 42496K, used 11496K [0x00000000c3400000, 0x00000000c5d80000, 0x00000000ebc00000)
  object space 42496K, 27% used [0x00000000c3400000,0x00000000c3f3a0d0,0x00000000c5d80000)
 Metaspace       used 19387K, capacity 19614K, committed 19840K, reserved 1067008K
  class space    used 2287K, capacity 2348K, committed 2432K, reserved 1048576K
}
Event: 27.440 GC heap before
{Heap before GC invocations=12 (full 0):
 PSYoungGen      total 108032K, used 105153K [0x00000000ebc00000, 0x00000000f6780000, 0x0000000100000000)
  eden space 101376K, 100% used [0x00000000ebc00000,0x00000000f1f00000,0x00000000f1f00000)
  from space 6656K, 56% used [0x00000000f1f00000,0x00000000f22b0620,0x00000000f2580000)
  to   space 6656K, 0% used [0x00000000f6100000,0x00000000f6100000,0x00000000f6780000)
 ParOldGen       total 42496K, used 11496K [0x00000000c3400000, 0x00000000c5d80000, 0x00000000ebc00000)
  object space 42496K, 27% used [0x00000000c3400000,0x00000000c3f3a0d0,0x00000000c5d80000)
 Metaspace       used 19388K, capacity 19614K, committed 19840K, reserved 1067008K
  class space    used 2287K, capacity 2348K, committed 2432K, reserved 1048576K
Event: 27.445 GC heap after
Heap after GC invocations=12 (full 0):
 PSYoungGen      total 168960K, used 64K [0x00000000ebc00000, 0x00000000f6780000, 0x0000000100000000)
  eden space 162304K, 0% used [0x00000000ebc00000,0x00000000ebc00000,0x00000000f5a80000)
  from space 6656K, 0% used [0x00000000f6100000,0x00000000f6110000,0x00000000f6780000)
  to   space 6656K, 0% used [0x00000000f5a80000,0x00000000f5a80000,0x00000000f6100000)
 ParOldGen       total 42496K, used 15200K [0x00000000c3400000, 0x00000000c5d80000, 0x00000000ebc00000)
  object space 42496K, 35% used [0x00000000c3400000,0x00000000c42d8038,0x00000000c5d80000)
 Metaspace       used 19388K, capacity 19614K, committed 19840K, reserved 1067008K
  class space    used 2287K, capacity 2348K, committed 2432K, reserved 1048576K
}
Event: 43.588 GC heap before
{Heap before GC invocations=13 (full 0):
 PSYoungGen      total 168960K, used 50163K [0x00000000ebc00000, 0x00000000f6780000, 0x0000000100000000)
  eden space 162304K, 30% used [0x00000000ebc00000,0x00000000eececdb0,0x00000000f5a80000)
  from space 6656K, 0% used [0x00000000f6100000,0x00000000f6110000,0x00000000f6780000)
  to   space 6656K, 0% used [0x00000000f5a80000,0x00000000f5a80000,0x00000000f6100000)
 ParOldGen       total 42496K, used 15200K [0x00000000c3400000, 0x00000000c5d80000, 0x00000000ebc00000)
  object space 42496K, 35% used [0x00000000c3400000,0x00000000c42d8038,0x00000000c5d80000)
 Metaspace       used 20771K, capacity 21004K, committed 21248K, reserved 1069056K
  class space    used 2415K, capacity 2514K, committed 2560K, reserved 1048576K
Event: 43.592 GC heap after
Heap after GC invocations=13 (full 0):
 PSYoungGen      total 168960K, used 704K [0x00000000ebc00000, 0x00000000fc700000, 0x0000000100000000)
  eden space 162304K, 0% used [0x00000000ebc00000,0x00000000ebc00000,0x00000000f5a80000)
  from space 6656K, 10% used [0x00000000f5a80000,0x00000000f5b30000,0x00000000f6100000)
  to   space 6656K, 0% used [0x00000000fc080000,0x00000000fc080000,0x00000000fc700000)
 ParOldGen       total 42496K, used 15208K [0x00000000c3400000, 0x00000000c5d80000, 0x00000000ebc00000)
  object space 42496K, 35% used [0x00000000c3400000,0x00000000c42da038,0x00000000c5d80000)
 Metaspace       used 20771K, capacity 21004K, committed 21248K, reserved 1069056K
  class space    used 2415K, capacity 2514K, committed 2560K, reserved 1048576K
}
Event: 43.592 GC heap before
{Heap before GC invocations=14 (full 1):
 PSYoungGen      total 168960K, used 704K [0x00000000ebc00000, 0x00000000fc700000, 0x0000000100000000)
  eden space 162304K, 0% used [0x00000000ebc00000,0x00000000ebc00000,0x00000000f5a80000)
  from space 6656K, 10% used [0x00000000f5a80000,0x00000000f5b30000,0x00000000f6100000)
  to   space 6656K, 0% used [0x00000000fc080000,0x00000000fc080000,0x00000000fc700000)
 ParOldGen       total 42496K, used 15208K [0x00000000c3400000, 0x00000000c5d80000, 0x00000000ebc00000)
  object space 42496K, 35% used [0x00000000c3400000,0x00000000c42da038,0x00000000c5d80000)
 Metaspace       used 20771K, capacity 21004K, committed 21248K, reserved 1069056K
  class space    used 2415K, capacity 2514K, committed 2560K, reserved 1048576K
Event: 43.675 GC heap after
Heap after GC invocations=14 (full 1):
 PSYoungGen      total 168960K, used 0K [0x00000000ebc00000, 0x00000000fc700000, 0x0000000100000000)
  eden space 162304K, 0% used [0x00000000ebc00000,0x00000000ebc00000,0x00000000f5a80000)
  from space 6656K, 0% used [0x00000000f5a80000,0x00000000f5a80000,0x00000000f6100000)
  to   space 6656K, 0% used [0x00000000fc080000,0x00000000fc080000,0x00000000fc700000)
 ParOldGen       total 30208K, used 9134K [0x00000000c3400000, 0x00000000c5180000, 0x00000000ebc00000)
  object space 30208K, 30% used [0x00000000c3400000,0x00000000c3ceb8d0,0x00000000c5180000)
 Metaspace       used 20771K, capacity 21004K, committed 21248K, reserved 1069056K
  class space    used 2415K, capacity 2514K, committed 2560K, reserved 1048576K
}

