# JRE version: OpenJDK Runtime Environment (8.0_131-b11) (build 1.8.0_131-8u131-b11-2ubuntu1.16.04.3-b11)
# Java VM: OpenJDK 64-Bit Server VM (25.131-b11 mixed mode linux-amd64 compressed oops)
Heap:
 PSYoungGen      total 212992K, used 96K [0x00000000ebc00000, 0x00000000f9580000, 0x0000000100000000)
  eden space 203264K, 0% used [0x00000000ebc00000,0x00000000ebc00000,0x00000000f8280000)
  from space 9728K, 0% used [0x00000000f8280000,0x00000000f8298000,0x00000000f8c00000)
  to   space 9728K, 0% used [0x00000000f8c00000,0x00000000f8c00000,0x00000000f9580000)
 ParOldGen       total 42496K, used 26302K [0x00000000c3400000, 0x00000000c5d80000, 0x00000000ebc00000)
  object space 42496K, 61% used [0x00000000c3400000,0x00000000c4dafaf0,0x00000000c5d80000)
 Metaspace       used 19131K, capacity 19332K, committed 19712K, reserved 1067008K
  class space    used 2177K, capacity 2257K, committed 2304K, reserved 1048576K
GC Heap History (10 events):
Event: 11.990 GC heap after
Heap after GC invocations=6 (full 0):
 PSYoungGen      total 73216K, used 6418K [0x00000000ebc00000, 0x00000000f0e00000, 0x0000000100000000)
  eden space 63488K, 0% used [0x00000000ebc00000,0x00000000ebc00000,0x00000000efa00000)
  from space 9728K, 65% used [0x00000000f0480000,0x00000000f0ac4930,0x00000000f0e00000)
  to   space 10240K, 0% used [0x00000000efa00000,0x00000000efa00000,0x00000000f0400000)
 ParOldGen       total 42496K, used 20417K [0x00000000c3400000, 0x00000000c5d80000, 0x00000000ebc00000)
  object space 42496K, 48% used [0x00000000c3400000,0x00000000c47f06b8,0x00000000c5d80000)
 Metaspace       used 18415K, capacity 18688K, committed 18944K, reserved 1067008K
  class space    used 2177K, capacity 2257K, committed 2304K, reserved 1048576K
}
Event: 13.938 GC heap before
{Heap before GC invocations=7 (full 0):
 PSYoungGen      total 73216K, used 69906K [0x00000000ebc00000, 0x00000000f0e00000, 0x0000000100000000)
  eden space 63488K, 100% used [0x00000000ebc00000,0x00000000efa00000,0x00000000efa00000)
  from space 9728K, 65% used [0x00000000f0480000,0x00000000f0ac4930,0x00000000f0e00000)
  to   space 10240K, 0% used [0x00000000efa00000,0x00000000efa00000,0x00000000f0400000)
 ParOldGen       total 42496K, used 20417K [0x00000000c3400000, 0x00000000c5d80000, 0x00000000ebc00000)
  object space 42496K, 48% used [0x00000000c3400000,0x00000000c47f06b8,0x00000000c5d80000)
 Metaspace       used 18442K, capacity 18688K, committed 18944K, reserved 1067008K
  class space    used 2177K, capacity 2257K, committed 2304K, reserved 1048576K
Event: 13.963 GC heap after
Heap after GC invocations=7 (full 0):
 PSYoungGen      total 73728K, used 6116K [0x00000000ebc00000, 0x00000000f4b00000, 0x0000000100000000)
  eden space 63488K, 0% used [0x00000000ebc00000,0x00000000ebc00000,0x00000000efa00000)
  from space 10240K, 59% used [0x00000000efa00000,0x00000000efff9140,0x00000000f0400000)
  to   space 9728K, 0% used [0x00000000f4180000,0x00000000f4180000,0x00000000f4b00000)
 ParOldGen       total 42496K, used 21627K [0x00000000c3400000, 0x00000000c5d80000, 0x00000000ebc00000)
  object space 42496K, 50% used [0x00000000c3400000,0x00000000c491ecc0,0x00000000c5d80000)
 Metaspace       used 18442K, capacity 18688K, committed 18944K, reserved 1067008K
  class space    used 2177K, capacity 2257K, committed 2304K, reserved 1048576K
}
Event: 14.294 GC heap before
{Heap before GC invocations=8 (full 0):
 PSYoungGen      total 73728K, used 69604K [0x00000000ebc00000, 0x00000000f4b00000, 0x0000000100000000)
  eden space 63488K, 100% used [0x00000000ebc00000,0x00000000efa00000,0x00000000efa00000)
  from space 10240K, 59% used [0x00000000efa00000,0x00000000efff9140,0x00000000f0400000)
  to   space 9728K, 0% used [0x00000000f4180000,0x00000000f4180000,0x00000000f4b00000)
 ParOldGen       total 42496K, used 21627K [0x00000000c3400000, 0x00000000c5d80000, 0x00000000ebc00000)
  object space 42496K, 50% used [0x00000000c3400000,0x00000000c491ecc0,0x00000000c5d80000)
 Metaspace       used 18445K, capacity 18692K, committed 18944K, reserved 1067008K
  class space    used 2177K, capacity 2257K, committed 2304K, reserved 1048576K
Event: 14.316 GC heap after
Heap after GC invocations=8 (full 0):
 PSYoungGen      total 136704K, used 5777K [0x00000000ebc00000, 0x00000000f4b00000, 0x0000000100000000)
  eden space 126976K, 0% used [0x00000000ebc00000,0x00000000ebc00000,0x00000000f3800000)
  from space 9728K, 59% used [0x00000000f4180000,0x00000000f4724708,0x00000000f4b00000)
  to   space 9728K, 0% used [0x00000000f3800000,0x00000000f3800000,0x00000000f4180000)
 ParOldGen       total 42496K, used 22946K [0x00000000c3400000, 0x00000000c5d80000, 0x00000000ebc00000)
  object space 42496K, 53% used [0x00000000c3400000,0x00000000c4a68878,0x00000000c5d80000)
 Metaspace       used 18445K, capacity 18692K, committed 18944K, reserved 1067008K
  class space    used 2177K, capacity 2257K, committed 2304K, reserved 1048576K
}
Event: 15.912 GC heap before
{Heap before GC invocations=9 (full 0):
 PSYoungGen      total 136704K, used 132753K [0x00000000ebc00000, 0x00000000f4b00000, 0x0000000100000000)
  eden space 126976K, 100% used [0x00000000ebc00000,0x00000000f3800000,0x00000000f3800000)
  from space 9728K, 59% used [0x00000000f4180000,0x00000000f4724708,0x00000000f4b00000)
  to   space 9728K, 0% used [0x00000000f3800000,0x00000000f3800000,0x00000000f4180000)
 ParOldGen       total 42496K, used 22946K [0x00000000c3400000, 0x00000000c5d80000, 0x00000000ebc00000)
  object space 42496K, 53% used [0x00000000c3400000,0x00000000c4a68878,0x00000000c5d80000)
 Metaspace       used 18473K, capacity 18692K, committed 18944K, reserved 1067008K
  class space    used 2177K, capacity 2257K, committed 2304K, reserved 1048576K
Event: 15.941 GC heap after
Heap after GC invocations=9 (full 0):
 PSYoungGen      total 136704K, used 4877K [0x00000000ebc00000, 0x00000000f9580000, 0x0000000100000000)
  eden space 126976K, 0% used [0x00000000ebc00000,0x00000000ebc00000,0x00000000f3800000)
  from space 9728K, 50% used [0x00000000f3800000,0x00000000f3cc3490,0x00000000f4180000)
  to   space 9728K, 0% used [0x00000000f8c00000,0x00000000f8c00000,0x00000000f9580000)
 ParOldGen       total 42496K, used 26278K [0x00000000c3400000, 0x00000000c5d80000, 0x00000000ebc00000)
  object space 42496K, 61% used [0x00000000c3400000,0x00000000c4da9af0,0x00000000c5d80000)
 Metaspace       used 18473K, capacity 18692K, committed 18944K, reserved 1067008K
  class space    used 2177K, capacity 2257K, committed 2304K, reserved 1048576K
}
Event: 16.909 GC heap before
{Heap before GC invocations=10 (full 0):
 PSYoungGen      total 136704K, used 131853K [0x00000000ebc00000, 0x00000000f9580000, 0x0000000100000000)
  eden space 126976K, 100% used [0x00000000ebc00000,0x00000000f3800000,0x00000000f3800000)
  from space 9728K, 50% used [0x00000000f3800000,0x00000000f3cc3490,0x00000000f4180000)
  to   space 9728K, 0% used [0x00000000f8c00000,0x00000000f8c00000,0x00000000f9580000)
 ParOldGen       total 42496K, used 26278K [0x00000000c3400000, 0x00000000c5d80000, 0x00000000ebc00000)
  object space 42496K, 61% used [0x00000000c3400000,0x00000000c4da9af0,0x00000000c5d80000)
 Metaspace       used 18548K, capacity 18756K, committed 18944K, reserved 1067008K
  class space    used 2177K, capacity 2257K, committed 2304K, reserved 1048576K
Event: 16.930 GC heap after
Heap after GC invocations=10 (full 0):
 PSYoungGen      total 212992K, used 7045K [0x00000000ebc00000, 0x00000000f9580000, 0x0000000100000000)
  eden space 203264K, 0% used [0x00000000ebc00000,0x00000000ebc00000,0x00000000f8280000)
  from space 9728K, 72% used [0x00000000f8c00000,0x00000000f92e1638,0x00000000f9580000)
  to   space 9728K, 0% used [0x00000000f8280000,0x00000000f8280000,0x00000000f8c00000)
 ParOldGen       total 42496K, used 26286K [0x00000000c3400000, 0x00000000c5d80000, 0x00000000ebc00000)
  object space 42496K, 61% used [0x00000000c3400000,0x00000000c4dabaf0,0x00000000c5d80000)
 Metaspace       used 18548K, capacity 18756K, committed 18944K, reserved 1067008K
  class space    used 2177K, capacity 2257K, committed 2304K, reserved 1048576K
}
Event: 33.833 GC heap before
{Heap before GC invocations=11 (full 0):
 PSYoungGen      total 212992K, used 210309K [0x00000000ebc00000, 0x00000000f9580000, 0x0000000100000000)
  eden space 203264K, 100% used [0x00000000ebc00000,0x00000000f8280000,0x00000000f8280000)
  from space 9728K, 72% used [0x00000000f8c00000,0x00000000f92e1638,0x00000000f9580000)
  to   space 9728K, 0% used [0x00000000f8280000,0x00000000f8280000,0x00000000f8c00000)
 ParOldGen       total 42496K, used 26286K [0x00000000c3400000, 0x00000000c5d80000, 0x00000000ebc00000)
  object space 42496K, 61% used [0x00000000c3400000,0x00000000c4dabaf0,0x00000000c5d80000)
 Metaspace       used 19131K, capacity 19332K, committed 19712K, reserved 1067008K
  class space    used 2177K, capacity 2257K, committed 2304K, reserved 1048576K

