# JRE version: OpenJDK Runtime Environment (8.0_131-b11) (build 1.8.0_131-8u131-b11-2ubuntu1.16.04.3-b11)
# Java VM: OpenJDK 64-Bit Server VM (25.131-b11 mixed mode linux-amd64 compressed oops)
Heap:
 PSYoungGen      total 216576K, used 2468K [0x00000000ebc00000, 0x00000000f9c80000, 0x0000000100000000)
  eden space 203264K, 0% used [0x00000000ebc00000,0x00000000ebc00000,0x00000000f8280000)
  from space 13312K, 18% used [0x00000000f8280000,0x00000000f84e90e0,0x00000000f8f80000)
  to   space 13312K, 0% used [0x00000000f8f80000,0x00000000f8f80000,0x00000000f9c80000)
 ParOldGen       total 42496K, used 37967K [0x00000000c3400000, 0x00000000c5d80000, 0x00000000ebc00000)
  object space 42496K, 89% used [0x00000000c3400000,0x00000000c5913c28,0x00000000c5d80000)
 Metaspace       used 19990K, capacity 20230K, committed 20608K, reserved 1067008K
  class space    used 2287K, capacity 2378K, committed 2432K, reserved 1048576K
GC Heap History (10 events):
Event: 25.993 GC heap after
Heap after GC invocations=6 (full 0):
 PSYoungGen      total 77312K, used 2990K [0x00000000ebc00000, 0x00000000f1600000, 0x0000000100000000)
  eden space 63488K, 0% used [0x00000000ebc00000,0x00000000ebc00000,0x00000000efa00000)
  from space 13824K, 21% used [0x00000000f0880000,0x00000000f0b6b8b0,0x00000000f1600000)
  to   space 14336K, 0% used [0x00000000efa00000,0x00000000efa00000,0x00000000f0800000)
 ParOldGen       total 42496K, used 23384K [0x00000000c3400000, 0x00000000c5d80000, 0x00000000ebc00000)
  object space 42496K, 55% used [0x00000000c3400000,0x00000000c4ad6248,0x00000000c5d80000)
 Metaspace       used 19331K, capacity 19590K, committed 19968K, reserved 1067008K
  class space    used 2188K, capacity 2250K, committed 2304K, reserved 1048576K
}
Event: 26.447 GC heap before
{Heap before GC invocations=7 (full 0):
 PSYoungGen      total 77312K, used 66478K [0x00000000ebc00000, 0x00000000f1600000, 0x0000000100000000)
  eden space 63488K, 100% used [0x00000000ebc00000,0x00000000efa00000,0x00000000efa00000)
  from space 13824K, 21% used [0x00000000f0880000,0x00000000f0b6b8b0,0x00000000f1600000)
  to   space 14336K, 0% used [0x00000000efa00000,0x00000000efa00000,0x00000000f0800000)
 ParOldGen       total 42496K, used 23384K [0x00000000c3400000, 0x00000000c5d80000, 0x00000000ebc00000)
  object space 42496K, 55% used [0x00000000c3400000,0x00000000c4ad6248,0x00000000c5d80000)
 Metaspace       used 19467K, capacity 19654K, committed 19968K, reserved 1067008K
  class space    used 2194K, capacity 2250K, committed 2304K, reserved 1048576K
Event: 26.462 GC heap after
Heap after GC invocations=7 (full 0):
 PSYoungGen      total 77824K, used 6573K [0x00000000ebc00000, 0x00000000f5200000, 0x0000000100000000)
  eden space 63488K, 0% used [0x00000000ebc00000,0x00000000ebc00000,0x00000000efa00000)
  from space 14336K, 45% used [0x00000000efa00000,0x00000000f006b438,0x00000000f0800000)
  to   space 13312K, 0% used [0x00000000f4500000,0x00000000f4500000,0x00000000f5200000)
 ParOldGen       total 42496K, used 24336K [0x00000000c3400000, 0x00000000c5d80000, 0x00000000ebc00000)
  object space 42496K, 57% used [0x00000000c3400000,0x00000000c4bc42a8,0x00000000c5d80000)
 Metaspace       used 19467K, capacity 19654K, committed 19968K, reserved 1067008K
  class space    used 2194K, capacity 2250K, committed 2304K, reserved 1048576K
}
Event: 27.439 GC heap before
{Heap before GC invocations=8 (full 0):
 PSYoungGen      total 77824K, used 70061K [0x00000000ebc00000, 0x00000000f5200000, 0x0000000100000000)
  eden space 63488K, 100% used [0x00000000ebc00000,0x00000000efa00000,0x00000000efa00000)
  from space 14336K, 45% used [0x00000000efa00000,0x00000000f006b438,0x00000000f0800000)
  to   space 13312K, 0% used [0x00000000f4500000,0x00000000f4500000,0x00000000f5200000)
 ParOldGen       total 42496K, used 24336K [0x00000000c3400000, 0x00000000c5d80000, 0x00000000ebc00000)
  object space 42496K, 57% used [0x00000000c3400000,0x00000000c4bc42a8,0x00000000c5d80000)
 Metaspace       used 19478K, capacity 19654K, committed 19968K, reserved 1067008K
  class space    used 2194K, capacity 2250K, committed 2304K, reserved 1048576K
Event: 27.446 GC heap after
Heap after GC invocations=8 (full 0):
 PSYoungGen      total 139264K, used 5196K [0x00000000ebc00000, 0x00000000f5100000, 0x0000000100000000)
  eden space 126976K, 0% used [0x00000000ebc00000,0x00000000ebc00000,0x00000000f3800000)
  from space 12288K, 42% used [0x00000000f4500000,0x00000000f4a132d8,0x00000000f5100000)
  to   space 12800K, 0% used [0x00000000f3800000,0x00000000f3800000,0x00000000f4480000)
 ParOldGen       total 42496K, used 25733K [0x00000000c3400000, 0x00000000c5d80000, 0x00000000ebc00000)
  object space 42496K, 60% used [0x00000000c3400000,0x00000000c4d21438,0x00000000c5d80000)
 Metaspace       used 19478K, capacity 19654K, committed 19968K, reserved 1067008K
  class space    used 2194K, capacity 2250K, committed 2304K, reserved 1048576K
}
Event: 27.916 GC heap before
{Heap before GC invocations=9 (full 0):
 PSYoungGen      total 139264K, used 132172K [0x00000000ebc00000, 0x00000000f5100000, 0x0000000100000000)
  eden space 126976K, 100% used [0x00000000ebc00000,0x00000000f3800000,0x00000000f3800000)
  from space 12288K, 42% used [0x00000000f4500000,0x00000000f4a132d8,0x00000000f5100000)
  to   space 12800K, 0% used [0x00000000f3800000,0x00000000f3800000,0x00000000f4480000)
 ParOldGen       total 42496K, used 25733K [0x00000000c3400000, 0x00000000c5d80000, 0x00000000ebc00000)
  object space 42496K, 60% used [0x00000000c3400000,0x00000000c4d21438,0x00000000c5d80000)
 Metaspace       used 19731K, capacity 19942K, committed 20352K, reserved 1067008K
  class space    used 2271K, capacity 2346K, committed 2432K, reserved 1048576K
Event: 27.940 GC heap after
Heap after GC invocations=9 (full 0):
 PSYoungGen      total 139776K, used 8807K [0x00000000ebc00000, 0x00000000f9c80000, 0x0000000100000000)
  eden space 126976K, 0% used [0x00000000ebc00000,0x00000000ebc00000,0x00000000f3800000)
  from space 12800K, 68% used [0x00000000f3800000,0x00000000f4099d68,0x00000000f4480000)
  to   space 13312K, 0% used [0x00000000f8f80000,0x00000000f8f80000,0x00000000f9c80000)
 ParOldGen       total 42496K, used 26254K [0x00000000c3400000, 0x00000000c5d80000, 0x00000000ebc00000)
  object space 42496K, 61% used [0x00000000c3400000,0x00000000c4da39e0,0x00000000c5d80000)
 Metaspace       used 19731K, capacity 19942K, committed 20352K, reserved 1067008K
  class space    used 2271K, capacity 2346K, committed 2432K, reserved 1048576K
}
Event: 29.119 GC heap before
{Heap before GC invocations=10 (full 0):
 PSYoungGen      total 139776K, used 135783K [0x00000000ebc00000, 0x00000000f9c80000, 0x0000000100000000)
  eden space 126976K, 100% used [0x00000000ebc00000,0x00000000f3800000,0x00000000f3800000)
  from space 12800K, 68% used [0x00000000f3800000,0x00000000f4099d68,0x00000000f4480000)
  to   space 13312K, 0% used [0x00000000f8f80000,0x00000000f8f80000,0x00000000f9c80000)
 ParOldGen       total 42496K, used 26254K [0x00000000c3400000, 0x00000000c5d80000, 0x00000000ebc00000)
  object space 42496K, 61% used [0x00000000c3400000,0x00000000c4da39e0,0x00000000c5d80000)
 Metaspace       used 19808K, capacity 20006K, committed 20352K, reserved 1067008K
  class space    used 2272K, capacity 2346K, committed 2432K, reserved 1048576K
Event: 29.151 GC heap after
Heap after GC invocations=10 (full 0):
 PSYoungGen      total 216576K, used 8573K [0x00000000ebc00000, 0x00000000f9c80000, 0x0000000100000000)
  eden space 203264K, 0% used [0x00000000ebc00000,0x00000000ebc00000,0x00000000f8280000)
  from space 13312K, 64% used [0x00000000f8f80000,0x00000000f97df670,0x00000000f9c80000)
  to   space 13312K, 0% used [0x00000000f8280000,0x00000000f8280000,0x00000000f8f80000)
 ParOldGen       total 42496K, used 30812K [0x00000000c3400000, 0x00000000c5d80000, 0x00000000ebc00000)
  object space 42496K, 72% used [0x00000000c3400000,0x00000000c5217258,0x00000000c5d80000)
 Metaspace       used 19808K, capacity 20006K, committed 20352K, reserved 1067008K
  class space    used 2272K, capacity 2346K, committed 2432K, reserved 1048576K
}
Event: 30.247 GC heap before
{Heap before GC invocations=11 (full 0):
 PSYoungGen      total 216576K, used 211837K [0x00000000ebc00000, 0x00000000f9c80000, 0x0000000100000000)
  eden space 203264K, 100% used [0x00000000ebc00000,0x00000000f8280000,0x00000000f8280000)
  from space 13312K, 64% used [0x00000000f8f80000,0x00000000f97df670,0x00000000f9c80000)
  to   space 13312K, 0% used [0x00000000f8280000,0x00000000f8280000,0x00000000f8f80000)
 ParOldGen       total 42496K, used 30812K [0x00000000c3400000, 0x00000000c5d80000, 0x00000000ebc00000)
  object space 42496K, 72% used [0x00000000c3400000,0x00000000c5217258,0x00000000c5d80000)
 Metaspace       used 19990K, capacity 20230K, committed 20608K, reserved 1067008K
  class space    used 2287K, capacity 2378K, committed 2432K, reserved 1048576K

