# JRE version: OpenJDK Runtime Environment (8.0_131-b11) (build 1.8.0_131-8u131-b11-2ubuntu1.16.04.3-b11)
# Java VM: OpenJDK 64-Bit Server VM (25.131-b11 mixed mode linux-amd64 compressed oops)
Heap:
 PSYoungGen      total 131584K, used 4529K [0x00000000ebc00000, 0x00000000f5680000, 0x0000000100000000)
  eden space 109056K, 0% used [0x00000000ebc00000,0x00000000ebc00000,0x00000000f2680000)
  from space 22528K, 20% used [0x00000000f2680000,0x00000000f2aec660,0x00000000f3c80000)
  to   space 19456K, 0% used [0x00000000f3c80000,0x00000000f3c80000,0x00000000f4f80000)
 ParOldGen       total 50176K, used 33014K [0x00000000c3400000, 0x00000000c6500000, 0x00000000ebc00000)
  object space 50176K, 65% used [0x00000000c3400000,0x00000000c543d840,0x00000000c6500000)
 Metaspace       used 19428K, capacity 19680K, committed 19968K, reserved 1067008K
  class space    used 2202K, capacity 2281K, committed 2304K, reserved 1048576K
GC Heap History (10 events):
Event: 68.451 GC heap after
Heap after GC invocations=5 (full 0):
 PSYoungGen      total 34304K, used 2530K [0x00000000ebc00000, 0x00000000f1d00000, 0x0000000100000000)
  eden space 31744K, 0% used [0x00000000ebc00000,0x00000000ebc00000,0x00000000edb00000)
  from space 2560K, 98% used [0x00000000edb00000,0x00000000edd78a58,0x00000000edd80000)
  to   space 17920K, 0% used [0x00000000f0b80000,0x00000000f0b80000,0x00000000f1d00000)
 ParOldGen       total 42496K, used 30599K [0x00000000c3400000, 0x00000000c5d80000, 0x00000000ebc00000)
  object space 42496K, 72% used [0x00000000c3400000,0x00000000c51e1db8,0x00000000c5d80000)
 Metaspace       used 18408K, capacity 18656K, committed 18944K, reserved 1067008K
  class space    used 2130K, capacity 2217K, committed 2304K, reserved 1048576K
}
Event: 68.451 GC heap before
{Heap before GC invocations=6 (full 1):
 PSYoungGen      total 34304K, used 2530K [0x00000000ebc00000, 0x00000000f1d00000, 0x0000000100000000)
  eden space 31744K, 0% used [0x00000000ebc00000,0x00000000ebc00000,0x00000000edb00000)
  from space 2560K, 98% used [0x00000000edb00000,0x00000000edd78a58,0x00000000edd80000)
  to   space 17920K, 0% used [0x00000000f0b80000,0x00000000f0b80000,0x00000000f1d00000)
 ParOldGen       total 42496K, used 30599K [0x00000000c3400000, 0x00000000c5d80000, 0x00000000ebc00000)
  object space 42496K, 72% used [0x00000000c3400000,0x00000000c51e1db8,0x00000000c5d80000)
 Metaspace       used 18408K, capacity 18656K, committed 18944K, reserved 1067008K
  class space    used 2130K, capacity 2217K, committed 2304K, reserved 1048576K
Event: 68.545 GC heap after
Heap after GC invocations=6 (full 1):
 PSYoungGen      total 34304K, used 0K [0x00000000ebc00000, 0x00000000f1d00000, 0x0000000100000000)
  eden space 31744K, 0% used [0x00000000ebc00000,0x00000000ebc00000,0x00000000edb00000)
  from space 2560K, 0% used [0x00000000edb00000,0x00000000edb00000,0x00000000edd80000)
  to   space 17920K, 0% used [0x00000000f0b80000,0x00000000f0b80000,0x00000000f1d00000)
 ParOldGen       total 50176K, used 16767K [0x00000000c3400000, 0x00000000c6500000, 0x00000000ebc00000)
  object space 50176K, 33% used [0x00000000c3400000,0x00000000c445fd98,0x00000000c6500000)
 Metaspace       used 18408K, capacity 18656K, committed 18944K, reserved 1067008K
  class space    used 2130K, capacity 2217K, committed 2304K, reserved 1048576K
}
Event: 80.718 GC heap before
{Heap before GC invocations=7 (full 1):
 PSYoungGen      total 34304K, used 31733K [0x00000000ebc00000, 0x00000000f1d00000, 0x0000000100000000)
  eden space 31744K, 99% used [0x00000000ebc00000,0x00000000edafd5a0,0x00000000edb00000)
  from space 2560K, 0% used [0x00000000edb00000,0x00000000edb00000,0x00000000edd80000)
  to   space 17920K, 0% used [0x00000000f0b80000,0x00000000f0b80000,0x00000000f1d00000)
 ParOldGen       total 50176K, used 16767K [0x00000000c3400000, 0x00000000c6500000, 0x00000000ebc00000)
  object space 50176K, 33% used [0x00000000c3400000,0x00000000c445fd98,0x00000000c6500000)
 Metaspace       used 19183K, capacity 19424K, committed 19712K, reserved 1067008K
  class space    used 2196K, capacity 2281K, committed 2304K, reserved 1048576K
Event: 80.723 GC heap after
Heap after GC invocations=7 (full 1):
 PSYoungGen      total 72192K, used 8844K [0x00000000ebc00000, 0x00000000f1780000, 0x0000000100000000)
  eden space 59904K, 0% used [0x00000000ebc00000,0x00000000ebc00000,0x00000000ef680000)
  from space 12288K, 71% used [0x00000000f0b80000,0x00000000f1423280,0x00000000f1780000)
  to   space 16896K, 0% used [0x00000000ef680000,0x00000000ef680000,0x00000000f0700000)
 ParOldGen       total 50176K, used 16775K [0x00000000c3400000, 0x00000000c6500000, 0x00000000ebc00000)
  object space 50176K, 33% used [0x00000000c3400000,0x00000000c4461d98,0x00000000c6500000)
 Metaspace       used 19183K, capacity 19424K, committed 19712K, reserved 1067008K
  class space    used 2196K, capacity 2281K, committed 2304K, reserved 1048576K
}
Event: 84.391 GC heap before
{Heap before GC invocations=8 (full 1):
 PSYoungGen      total 72192K, used 68740K [0x00000000ebc00000, 0x00000000f1780000, 0x0000000100000000)
  eden space 59904K, 99% used [0x00000000ebc00000,0x00000000ef67de18,0x00000000ef680000)
  from space 12288K, 71% used [0x00000000f0b80000,0x00000000f1423280,0x00000000f1780000)
  to   space 16896K, 0% used [0x00000000ef680000,0x00000000ef680000,0x00000000f0700000)
 ParOldGen       total 50176K, used 16775K [0x00000000c3400000, 0x00000000c6500000, 0x00000000ebc00000)
  object space 50176K, 33% used [0x00000000c3400000,0x00000000c4461d98,0x00000000c6500000)
 Metaspace       used 19347K, capacity 19616K, committed 19712K, reserved 1067008K
  class space    used 2199K, capacity 2281K, committed 2304K, reserved 1048576K
Event: 84.415 GC heap after
Heap after GC invocations=8 (full 1):
 PSYoungGen      total 76800K, used 15962K [0x00000000ebc00000, 0x00000000f4f80000, 0x0000000100000000)
  eden space 59904K, 0% used [0x00000000ebc00000,0x00000000ebc00000,0x00000000ef680000)
  from space 16896K, 94% used [0x00000000ef680000,0x00000000f0616a50,0x00000000f0700000)
  to   space 19456K, 0% used [0x00000000f3c80000,0x00000000f3c80000,0x00000000f4f80000)
 ParOldGen       total 50176K, used 20334K [0x00000000c3400000, 0x00000000c6500000, 0x00000000ebc00000)
  object space 50176K, 40% used [0x00000000c3400000,0x00000000c47dbb20,0x00000000c6500000)
 Metaspace       used 19347K, capacity 19616K, committed 19712K, reserved 1067008K
  class space    used 2199K, capacity 2281K, committed 2304K, reserved 1048576K
}
Event: 86.374 GC heap before
{Heap before GC invocations=9 (full 1):
 PSYoungGen      total 76800K, used 75841K [0x00000000ebc00000, 0x00000000f4f80000, 0x0000000100000000)
  eden space 59904K, 99% used [0x00000000ebc00000,0x00000000ef679cf8,0x00000000ef680000)
  from space 16896K, 94% used [0x00000000ef680000,0x00000000f0616a50,0x00000000f0700000)
  to   space 19456K, 0% used [0x00000000f3c80000,0x00000000f3c80000,0x00000000f4f80000)
 ParOldGen       total 50176K, used 20334K [0x00000000c3400000, 0x00000000c6500000, 0x00000000ebc00000)
  object space 50176K, 40% used [0x00000000c3400000,0x00000000c47dbb20,0x00000000c6500000)
 Metaspace       used 19428K, capacity 19680K, committed 19968K, reserved 1067008K
  class space    used 2202K, capacity 2281K, committed 2304K, reserved 1048576K
Event: 86.404 GC heap after
Heap after GC invocations=9 (full 1):
 PSYoungGen      total 128512K, used 19390K [0x00000000ebc00000, 0x00000000f5680000, 0x0000000100000000)
  eden space 109056K, 0% used [0x00000000ebc00000,0x00000000ebc00000,0x00000000f2680000)
  from space 19456K, 99% used [0x00000000f3c80000,0x00000000f4f6fb30,0x00000000f4f80000)
  to   space 22528K, 0% used [0x00000000f2680000,0x00000000f2680000,0x00000000f3c80000)
 ParOldGen       total 50176K, used 30521K [0x00000000c3400000, 0x00000000c6500000, 0x00000000ebc00000)
  object space 50176K, 60% used [0x00000000c3400000,0x00000000c51ce498,0x00000000c6500000)
 Metaspace       used 19428K, capacity 19680K, committed 19968K, reserved 1067008K
  class space    used 2202K, capacity 2281K, committed 2304K, reserved 1048576K
}
Event: 87.833 GC heap before
{Heap before GC invocations=10 (full 1):
 PSYoungGen      total 128512K, used 128428K [0x00000000ebc00000, 0x00000000f5680000, 0x0000000100000000)
  eden space 109056K, 99% used [0x00000000ebc00000,0x00000000f267b5c0,0x00000000f2680000)
  from space 19456K, 99% used [0x00000000f3c80000,0x00000000f4f6fb30,0x00000000f4f80000)
  to   space 22528K, 0% used [0x00000000f2680000,0x00000000f2680000,0x00000000f3c80000)
 ParOldGen       total 50176K, used 30521K [0x00000000c3400000, 0x00000000c6500000, 0x00000000ebc00000)
  object space 50176K, 60% used [0x00000000c3400000,0x00000000c51ce498,0x00000000c6500000)
 Metaspace       used 19428K, capacity 19680K, committed 19968K, reserved 1067008K
  class space    used 2202K, capacity 2281K, committed 2304K, reserved 1048576K

