# JRE version: OpenJDK Runtime Environment (8.0_131-b11) (build 1.8.0_131-8u131-b11-2ubuntu1.16.04.3-b11)
# Java VM: OpenJDK 64-Bit Server VM (25.131-b11 mixed mode linux-amd64 compressed oops)
Heap:
 PSYoungGen      total 166400K, used 6837K [0x00000000ebc00000, 0x00000000f6800000, 0x0000000100000000)
  eden space 156672K, 0% used [0x00000000ebc00000,0x00000000ebc00000,0x00000000f5500000)
  from space 9728K, 70% used [0x00000000f5500000,0x00000000f5bad7b8,0x00000000f5e80000)
  to   space 9216K, 0% used [0x00000000f5f00000,0x00000000f5f00000,0x00000000f6800000)
 ParOldGen       total 41984K, used 30055K [0x00000000c3400000, 0x00000000c5d00000, 0x00000000ebc00000)
  object space 41984K, 71% used [0x00000000c3400000,0x00000000c5159e38,0x00000000c5d00000)
 Metaspace       used 24048K, capacity 24396K, committed 24704K, reserved 1071104K
  class space    used 2734K, capacity 2840K, committed 2944K, reserved 1048576K
GC Heap History (10 events):
Event: 40.392 GC heap after
Heap after GC invocations=9 (full 0):
 PSYoungGen      total 73216K, used 848K [0x00000000ebc00000, 0x00000000f3380000, 0x0000000100000000)
  eden space 63488K, 0% used [0x00000000ebc00000,0x00000000ebc00000,0x00000000efa00000)
  from space 9728K, 8% used [0x00000000efa00000,0x00000000efad4010,0x00000000f0380000)
  to   space 10240K, 0% used [0x00000000f2980000,0x00000000f2980000,0x00000000f3380000)
 ParOldGen       total 42496K, used 22815K [0x00000000c3400000, 0x00000000c5d80000, 0x00000000ebc00000)
  object space 42496K, 53% used [0x00000000c3400000,0x00000000c4a47eb0,0x00000000c5d80000)
 Metaspace       used 20814K, capacity 21000K, committed 21248K, reserved 1069056K
  class space    used 2368K, capacity 2444K, committed 2560K, reserved 1048576K
}
Event: 40.392 GC heap before
{Heap before GC invocations=10 (full 1):
 PSYoungGen      total 73216K, used 848K [0x00000000ebc00000, 0x00000000f3380000, 0x0000000100000000)
  eden space 63488K, 0% used [0x00000000ebc00000,0x00000000ebc00000,0x00000000efa00000)
  from space 9728K, 8% used [0x00000000efa00000,0x00000000efad4010,0x00000000f0380000)
  to   space 10240K, 0% used [0x00000000f2980000,0x00000000f2980000,0x00000000f3380000)
 ParOldGen       total 42496K, used 22815K [0x00000000c3400000, 0x00000000c5d80000, 0x00000000ebc00000)
  object space 42496K, 53% used [0x00000000c3400000,0x00000000c4a47eb0,0x00000000c5d80000)
 Metaspace       used 20814K, capacity 21000K, committed 21248K, reserved 1069056K
  class space    used 2368K, capacity 2444K, committed 2560K, reserved 1048576K
Event: 40.484 GC heap after
Heap after GC invocations=10 (full 1):
 PSYoungGen      total 73216K, used 0K [0x00000000ebc00000, 0x00000000f3380000, 0x0000000100000000)
  eden space 63488K, 0% used [0x00000000ebc00000,0x00000000ebc00000,0x00000000efa00000)
  from space 9728K, 0% used [0x00000000efa00000,0x00000000efa00000,0x00000000f0380000)
  to   space 10240K, 0% used [0x00000000f2980000,0x00000000f2980000,0x00000000f3380000)
 ParOldGen       total 41984K, used 17428K [0x00000000c3400000, 0x00000000c5d00000, 0x00000000ebc00000)
  object space 41984K, 41% used [0x00000000c3400000,0x00000000c45050d8,0x00000000c5d00000)
 Metaspace       used 20814K, capacity 21000K, committed 21248K, reserved 1069056K
  class space    used 2368K, capacity 2444K, committed 2560K, reserved 1048576K
}
Event: 59.653 GC heap before
{Heap before GC invocations=11 (full 1):
 PSYoungGen      total 73216K, used 63488K [0x00000000ebc00000, 0x00000000f3380000, 0x0000000100000000)
  eden space 63488K, 100% used [0x00000000ebc00000,0x00000000efa00000,0x00000000efa00000)
  from space 9728K, 0% used [0x00000000efa00000,0x00000000efa00000,0x00000000f0380000)
  to   space 10240K, 0% used [0x00000000f2980000,0x00000000f2980000,0x00000000f3380000)
 ParOldGen       total 41984K, used 17428K [0x00000000c3400000, 0x00000000c5d00000, 0x00000000ebc00000)
  object space 41984K, 41% used [0x00000000c3400000,0x00000000c45050d8,0x00000000c5d00000)
 Metaspace       used 23577K, capacity 23948K, committed 24320K, reserved 1071104K
  class space    used 2652K, capacity 2776K, committed 2816K, reserved 1048576K
Event: 59.667 GC heap after
Heap after GC invocations=11 (full 1):
 PSYoungGen      total 107008K, used 3718K [0x00000000ebc00000, 0x00000000f3080000, 0x0000000100000000)
  eden space 99840K, 0% used [0x00000000ebc00000,0x00000000ebc00000,0x00000000f1d80000)
  from space 7168K, 51% used [0x00000000f2980000,0x00000000f2d21bc0,0x00000000f3080000)
  to   space 9728K, 0% used [0x00000000f1d80000,0x00000000f1d80000,0x00000000f2700000)
 ParOldGen       total 41984K, used 17436K [0x00000000c3400000, 0x00000000c5d00000, 0x00000000ebc00000)
  object space 41984K, 41% used [0x00000000c3400000,0x00000000c45070d8,0x00000000c5d00000)
 Metaspace       used 23577K, capacity 23948K, committed 24320K, reserved 1071104K
  class space    used 2652K, capacity 2776K, committed 2816K, reserved 1048576K
}
Event: 60.094 GC heap before
{Heap before GC invocations=12 (full 1):
 PSYoungGen      total 107008K, used 103558K [0x00000000ebc00000, 0x00000000f3080000, 0x0000000100000000)
  eden space 99840K, 100% used [0x00000000ebc00000,0x00000000f1d80000,0x00000000f1d80000)
  from space 7168K, 51% used [0x00000000f2980000,0x00000000f2d21bc0,0x00000000f3080000)
  to   space 9728K, 0% used [0x00000000f1d80000,0x00000000f1d80000,0x00000000f2700000)
 ParOldGen       total 41984K, used 17436K [0x00000000c3400000, 0x00000000c5d00000, 0x00000000ebc00000)
  object space 41984K, 41% used [0x00000000c3400000,0x00000000c45070d8,0x00000000c5d00000)
 Metaspace       used 23837K, capacity 24140K, committed 24448K, reserved 1071104K
  class space    used 2732K, capacity 2840K, committed 2944K, reserved 1048576K
Event: 60.132 GC heap after
Heap after GC invocations=12 (full 1):
 PSYoungGen      total 109568K, used 6335K [0x00000000ebc00000, 0x00000000f6880000, 0x0000000100000000)
  eden space 99840K, 0% used [0x00000000ebc00000,0x00000000ebc00000,0x00000000f1d80000)
  from space 9728K, 65% used [0x00000000f1d80000,0x00000000f23afcd0,0x00000000f2700000)
  to   space 9728K, 0% used [0x00000000f5f00000,0x00000000f5f00000,0x00000000f6880000)
 ParOldGen       total 41984K, used 20281K [0x00000000c3400000, 0x00000000c5d00000, 0x00000000ebc00000)
  object space 41984K, 48% used [0x00000000c3400000,0x00000000c47ce620,0x00000000c5d00000)
 Metaspace       used 23837K, capacity 24140K, committed 24448K, reserved 1071104K
  class space    used 2732K, capacity 2840K, committed 2944K, reserved 1048576K
}
Event: 61.585 GC heap before
{Heap before GC invocations=13 (full 1):
 PSYoungGen      total 109568K, used 106175K [0x00000000ebc00000, 0x00000000f6880000, 0x0000000100000000)
  eden space 99840K, 100% used [0x00000000ebc00000,0x00000000f1d80000,0x00000000f1d80000)
  from space 9728K, 65% used [0x00000000f1d80000,0x00000000f23afcd0,0x00000000f2700000)
  to   space 9728K, 0% used [0x00000000f5f00000,0x00000000f5f00000,0x00000000f6880000)
 ParOldGen       total 41984K, used 20281K [0x00000000c3400000, 0x00000000c5d00000, 0x00000000ebc00000)
  object space 41984K, 48% used [0x00000000c3400000,0x00000000c47ce620,0x00000000c5d00000)
 Metaspace       used 23960K, capacity 24268K, committed 24704K, reserved 1071104K
  class space    used 2734K, capacity 2840K, committed 2944K, reserved 1048576K
Event: 61.606 GC heap after
Heap after GC invocations=13 (full 1):
 PSYoungGen      total 165888K, used 5165K [0x00000000ebc00000, 0x00000000f6800000, 0x0000000100000000)
  eden space 156672K, 0% used [0x00000000ebc00000,0x00000000ebc00000,0x00000000f5500000)
  from space 9216K, 56% used [0x00000000f5f00000,0x00000000f640b490,0x00000000f6800000)
  to   space 9728K, 0% used [0x00000000f5500000,0x00000000f5500000,0x00000000f5e80000)
 ParOldGen       total 41984K, used 26454K [0x00000000c3400000, 0x00000000c5d00000, 0x00000000ebc00000)
  object space 41984K, 63% used [0x00000000c3400000,0x00000000c4dd5aa8,0x00000000c5d00000)
 Metaspace       used 23960K, capacity 24268K, committed 24704K, reserved 1071104K
  class space    used 2734K, capacity 2840K, committed 2944K, reserved 1048576K
}
Event: 62.575 GC heap before
{Heap before GC invocations=14 (full 1):
 PSYoungGen      total 165888K, used 161662K [0x00000000ebc00000, 0x00000000f6800000, 0x0000000100000000)
  eden space 156672K, 99% used [0x00000000ebc00000,0x00000000f54d46b8,0x00000000f5500000)
  from space 9216K, 56% used [0x00000000f5f00000,0x00000000f640b490,0x00000000f6800000)
  to   space 9728K, 0% used [0x00000000f5500000,0x00000000f5500000,0x00000000f5e80000)
 ParOldGen       total 41984K, used 26454K [0x00000000c3400000, 0x00000000c5d00000, 0x00000000ebc00000)
  object space 41984K, 63% used [0x00000000c3400000,0x00000000c4dd5aa8,0x00000000c5d00000)
 Metaspace       used 24048K, capacity 24396K, committed 24704K, reserved 1071104K
  class space    used 2734K, capacity 2840K, committed 2944K, reserved 1048576K

