# JRE version: OpenJDK Runtime Environment (8.0_131-b11) (build 1.8.0_131-8u131-b11-2ubuntu1.16.04.3-b11)
# Java VM: OpenJDK 64-Bit Server VM (25.131-b11 mixed mode linux-amd64 compressed oops)
Heap:
 PSYoungGen      total 225792K, used 7760K [0x00000000ebc00000, 0x00000000fa800000, 0x0000000100000000)
  eden space 209920K, 0% used [0x00000000ebc00000,0x00000000ebc00000,0x00000000f8900000)
  from space 15872K, 48% used [0x00000000f8900000,0x00000000f9094038,0x00000000f9880000)
  to   space 15360K, 0% used [0x00000000f9900000,0x00000000f9900000,0x00000000fa800000)
 ParOldGen       total 71168K, used 37688K [0x00000000c3400000, 0x00000000c7980000, 0x00000000ebc00000)
  object space 71168K, 52% used [0x00000000c3400000,0x00000000c58ce358,0x00000000c7980000)
 Metaspace       used 21867K, capacity 22122K, committed 22400K, reserved 1069056K
  class space    used 2537K, capacity 2606K, committed 2688K, reserved 1048576K
GC Heap History (10 events):
Event: 60.143 GC heap after
Heap after GC invocations=12 (full 1):
 PSYoungGen      total 102400K, used 192K [0x00000000ebc00000, 0x00000000f5f80000, 0x0000000100000000)
  eden space 86528K, 0% used [0x00000000ebc00000,0x00000000ebc00000,0x00000000f1080000)
  from space 15872K, 1% used [0x00000000f1080000,0x00000000f10b0000,0x00000000f2000000)
  to   space 16384K, 0% used [0x00000000f4f80000,0x00000000f4f80000,0x00000000f5f80000)
 ParOldGen       total 53760K, used 32906K [0x00000000c3400000, 0x00000000c6880000, 0x00000000ebc00000)
  object space 53760K, 61% used [0x00000000c3400000,0x00000000c54228d0,0x00000000c6880000)
 Metaspace       used 21492K, capacity 21738K, committed 22144K, reserved 1069056K
  class space    used 2537K, capacity 2606K, committed 2688K, reserved 1048576K
}
Event: 60.442 GC heap before
{Heap before GC invocations=13 (full 1):
 PSYoungGen      total 102400K, used 86720K [0x00000000ebc00000, 0x00000000f5f80000, 0x0000000100000000)
  eden space 86528K, 100% used [0x00000000ebc00000,0x00000000f1080000,0x00000000f1080000)
  from space 15872K, 1% used [0x00000000f1080000,0x00000000f10b0000,0x00000000f2000000)
  to   space 16384K, 0% used [0x00000000f4f80000,0x00000000f4f80000,0x00000000f5f80000)
 ParOldGen       total 53760K, used 32906K [0x00000000c3400000, 0x00000000c6880000, 0x00000000ebc00000)
  object space 53760K, 61% used [0x00000000c3400000,0x00000000c54228d0,0x00000000c6880000)
 Metaspace       used 21608K, capacity 21866K, committed 22144K, reserved 1069056K
  class space    used 2537K, capacity 2606K, committed 2688K, reserved 1048576K
Event: 60.453 GC heap after
Heap after GC invocations=13 (full 1):
 PSYoungGen      total 151040K, used 3718K [0x00000000ebc00000, 0x00000000f5f00000, 0x0000000100000000)
  eden space 135168K, 0% used [0x00000000ebc00000,0x00000000ebc00000,0x00000000f4000000)
  from space 15872K, 23% used [0x00000000f4f80000,0x00000000f5321af8,0x00000000f5f00000)
  to   space 15872K, 0% used [0x00000000f4000000,0x00000000f4000000,0x00000000f4f80000)
 ParOldGen       total 53760K, used 32938K [0x00000000c3400000, 0x00000000c6880000, 0x00000000ebc00000)
  object space 53760K, 61% used [0x00000000c3400000,0x00000000c542a8d0,0x00000000c6880000)
 Metaspace       used 21608K, capacity 21866K, committed 22144K, reserved 1069056K
  class space    used 2537K, capacity 2606K, committed 2688K, reserved 1048576K
}
Event: 61.541 GC heap before
{Heap before GC invocations=14 (full 1):
 PSYoungGen      total 151040K, used 138886K [0x00000000ebc00000, 0x00000000f5f00000, 0x0000000100000000)
  eden space 135168K, 100% used [0x00000000ebc00000,0x00000000f4000000,0x00000000f4000000)
  from space 15872K, 23% used [0x00000000f4f80000,0x00000000f5321af8,0x00000000f5f00000)
  to   space 15872K, 0% used [0x00000000f4000000,0x00000000f4000000,0x00000000f4f80000)
 ParOldGen       total 53760K, used 32982K [0x00000000c3400000, 0x00000000c6880000, 0x00000000ebc00000)
  object space 53760K, 61% used [0x00000000c3400000,0x00000000c5435848,0x00000000c6880000)
 Metaspace       used 21777K, capacity 22058K, committed 22400K, reserved 1069056K
  class space    used 2537K, capacity 2606K, committed 2688K, reserved 1048576K
Event: 61.572 GC heap after
Heap after GC invocations=14 (full 1):
 PSYoungGen      total 151040K, used 9216K [0x00000000ebc00000, 0x00000000fa880000, 0x0000000100000000)
  eden space 135168K, 0% used [0x00000000ebc00000,0x00000000ebc00000,0x00000000f4000000)
  from space 15872K, 58% used [0x00000000f4000000,0x00000000f49002b0,0x00000000f4f80000)
  to   space 15872K, 0% used [0x00000000f9900000,0x00000000f9900000,0x00000000fa880000)
 ParOldGen       total 53760K, used 36620K [0x00000000c3400000, 0x00000000c6880000, 0x00000000ebc00000)
  object space 53760K, 68% used [0x00000000c3400000,0x00000000c57c3340,0x00000000c6880000)
 Metaspace       used 21777K, capacity 22058K, committed 22400K, reserved 1069056K
  class space    used 2537K, capacity 2606K, committed 2688K, reserved 1048576K
}
Event: 62.609 GC heap before
{Heap before GC invocations=15 (full 1):
 PSYoungGen      total 151040K, used 144384K [0x00000000ebc00000, 0x00000000fa880000, 0x0000000100000000)
  eden space 135168K, 100% used [0x00000000ebc00000,0x00000000f4000000,0x00000000f4000000)
  from space 15872K, 58% used [0x00000000f4000000,0x00000000f49002b0,0x00000000f4f80000)
  to   space 15872K, 0% used [0x00000000f9900000,0x00000000f9900000,0x00000000fa880000)
 ParOldGen       total 53760K, used 36759K [0x00000000c3400000, 0x00000000c6880000, 0x00000000ebc00000)
  object space 53760K, 68% used [0x00000000c3400000,0x00000000c57e5df8,0x00000000c6880000)
 Metaspace       used 21822K, capacity 22058K, committed 22400K, reserved 1069056K
  class space    used 2537K, capacity 2606K, committed 2688K, reserved 1048576K
Event: 62.628 GC heap after
Heap after GC invocations=15 (full 1):
 PSYoungGen      total 225280K, used 3562K [0x00000000ebc00000, 0x00000000fa800000, 0x0000000100000000)
  eden space 209920K, 0% used [0x00000000ebc00000,0x00000000ebc00000,0x00000000f8900000)
  from space 15360K, 23% used [0x00000000f9900000,0x00000000f9c7ab90,0x00000000fa800000)
  to   space 15872K, 0% used [0x00000000f8900000,0x00000000f8900000,0x00000000f9880000)
 ParOldGen       total 53760K, used 44524K [0x00000000c3400000, 0x00000000c6880000, 0x00000000ebc00000)
  object space 53760K, 82% used [0x00000000c3400000,0x00000000c5f7b180,0x00000000c6880000)
 Metaspace       used 21822K, capacity 22058K, committed 22400K, reserved 1069056K
  class space    used 2537K, capacity 2606K, committed 2688K, reserved 1048576K
}
Event: 62.643 GC heap before
{Heap before GC invocations=16 (full 2):
 PSYoungGen      total 225280K, used 3562K [0x00000000ebc00000, 0x00000000fa800000, 0x0000000100000000)
  eden space 209920K, 0% used [0x00000000ebc00000,0x00000000ebc00000,0x00000000f8900000)
  from space 15360K, 23% used [0x00000000f9900000,0x00000000f9c7ab90,0x00000000fa800000)
  to   space 15872K, 0% used [0x00000000f8900000,0x00000000f8900000,0x00000000f9880000)
 ParOldGen       total 53760K, used 44524K [0x00000000c3400000, 0x00000000c6880000, 0x00000000ebc00000)
  object space 53760K, 82% used [0x00000000c3400000,0x00000000c5f7b180,0x00000000c6880000)
 Metaspace       used 21822K, capacity 22058K, committed 22400K, reserved 1069056K
  class space    used 2537K, capacity 2606K, committed 2688K, reserved 1048576K
Event: 62.815 GC heap after
Heap after GC invocations=16 (full 2):
 PSYoungGen      total 225280K, used 0K [0x00000000ebc00000, 0x00000000fa800000, 0x0000000100000000)
  eden space 209920K, 0% used [0x00000000ebc00000,0x00000000ebc00000,0x00000000f8900000)
  from space 15360K, 0% used [0x00000000f9900000,0x00000000f9900000,0x00000000fa800000)
  to   space 15872K, 0% used [0x00000000f8900000,0x00000000f8900000,0x00000000f9880000)
 ParOldGen       total 71168K, used 37654K [0x00000000c3400000, 0x00000000c7980000, 0x00000000ebc00000)
  object space 71168K, 52% used [0x00000000c3400000,0x00000000c58c5a18,0x00000000c7980000)
 Metaspace       used 21822K, capacity 22058K, committed 22400K, reserved 1069056K
  class space    used 2537K, capacity 2606K, committed 2688K, reserved 1048576K
}
Event: 64.125 GC heap before
{Heap before GC invocations=17 (full 2):
 PSYoungGen      total 225280K, used 209920K [0x00000000ebc00000, 0x00000000fa800000, 0x0000000100000000)
  eden space 209920K, 100% used [0x00000000ebc00000,0x00000000f8900000,0x00000000f8900000)
  from space 15360K, 0% used [0x00000000f9900000,0x00000000f9900000,0x00000000fa800000)
  to   space 15872K, 0% used [0x00000000f8900000,0x00000000f8900000,0x00000000f9880000)
 ParOldGen       total 71168K, used 37680K [0x00000000c3400000, 0x00000000c7980000, 0x00000000ebc00000)
  object space 71168K, 52% used [0x00000000c3400000,0x00000000c58cc358,0x00000000c7980000)
 Metaspace       used 21867K, capacity 22122K, committed 22400K, reserved 1069056K
  class space    used 2537K, capacity 2606K, committed 2688K, reserved 1048576K

